<?xml version="1.0" encoding="UTF-8"?>
<!-- Generated by org.testng.reporters.JUnitReportReporter -->
<testsuite hostname="Vamsi" name="concepts.selenium.SeleniumConcepts.TestNGAnnotations" tests="2" failures="0" timestamp="27 Dec 2022 15:37:23 GMT" time="0.024" errors="0">
  <testcase name="closeBrowser" time="0.005" classname="concepts.selenium.SeleniumConcepts.TestNGAnnotations"/>
  <testcase name="loginCheck" time="0.019" classname="concepts.selenium.SeleniumConcepts.TestNGAnnotations"/>
</testsuite> <!-- concepts.selenium.SeleniumConcepts.TestNGAnnotations -->
