<?xml version="1.0" encoding="UTF-8"?>
<!-- Generated by org.testng.reporters.JUnitReportReporter -->
<testsuite hostname="Vamsi" name="concepts.selenium.SeleniumConcepts.MouseHover" tests="1" failures="0" timestamp="21 Dec 2022 14:44:31 GMT" time="30.634" errors="0">
  <testcase name="amazonProductSearch" time="30.634" classname="concepts.selenium.SeleniumConcepts.MouseHover"/>
</testsuite> <!-- concepts.selenium.SeleniumConcepts.MouseHover -->
