<?xml version="1.0" encoding="UTF-8"?>
<!-- Generated by org.testng.reporters.JUnitReportReporter -->
<testsuite hostname="Vamsi" name="concepts.selenium.SeleniumConcepts.FindingNumberOfLinks" tests="1" failures="0" timestamp="27 Dec 2022 14:45:54 GMT" time="12.826" errors="0">
  <testcase name="amazonProductSearch" time="12.826" classname="concepts.selenium.SeleniumConcepts.FindingNumberOfLinks"/>
</testsuite> <!-- concepts.selenium.SeleniumConcepts.FindingNumberOfLinks -->
