<?xml version="1.0" encoding="UTF-8"?>
<!-- Generated by org.testng.reporters.JUnitReportReporter -->
<testsuite hostname="Vamsi" name="com.utilities.ExtentReporting" tests="1" failures="0" timestamp="15 Jul 2022 02:56:35 GMT" time="1.401" errors="0">
  <testcase name="reporting" time="1.401" classname="com.utilities.ExtentReporting"/>
</testsuite> <!-- com.utilities.ExtentReporting -->
