<?xml version="1.0" encoding="UTF-8"?>
<!-- Generated by org.testng.reporters.JUnitReportReporter -->
<testsuite hostname="Vamsi" name="com.dataread.ReadExcelData" tests="1" failures="0" timestamp="14 Jul 2022 02:59:10 GMT" time="0.943" errors="0">
  <testcase name="readCredentials" time="0.943" classname="com.dataread.ReadExcelData"/>
</testsuite> <!-- com.dataread.ReadExcelData -->
