<?xml version="1.0" encoding="UTF-8"?>
<!-- Generated by org.testng.reporters.JUnitReportReporter -->
<testsuite hostname="Vamsi" name="com.dataread.ExcelReadData" tests="1" failures="0" timestamp="2 Aug 2022 06:09:16 GMT" time="0.837" errors="0">
  <testcase name="readData" time="0.837" classname="com.dataread.ExcelReadData"/>
</testsuite> <!-- com.dataread.ExcelReadData -->
